\BOOKMARK [1][-]{section.1}{Executive Summary}{}
\BOOKMARK [1][-]{section.2}{Gesch\344ftsidee}{}
\BOOKMARK [2][-]{subsection.2.1}{Womit wir uns befassen}{section.2}
\BOOKMARK [2][-]{subsection.2.2}{Know-how Tr\344ger}{section.2}
\BOOKMARK [2][-]{subsection.2.3}{Innovation}{section.2}
\BOOKMARK [2][-]{subsection.2.4}{Produkt}{section.2}
\BOOKMARK [2][-]{subsection.2.5}{Customer Value Proposition}{section.2}
\BOOKMARK [2][-]{subsection.2.6}{Unternehmensplanung}{section.2}
\BOOKMARK [3][-]{subsubsection.2.6.1}{Rechtliches}{subsection.2.6}
\BOOKMARK [3][-]{subsubsection.2.6.2}{Meilensteine}{subsection.2.6}
\BOOKMARK [1][-]{section.3}{Analyse des Marktes}{}
\BOOKMARK [2][-]{subsection.3.1}{Zielgruppe und potenzielle Kunden}{section.3}
\BOOKMARK [2][-]{subsection.3.2}{Marktsituation}{section.3}
\BOOKMARK [2][-]{subsection.3.3}{Auswahl der regionale M\344rkte}{section.3}
\BOOKMARK [2][-]{subsection.3.4}{Sch\344tzung der Marktvolumen}{section.3}
\BOOKMARK [2][-]{subsection.3.5}{Wettbewerber}{section.3}
\BOOKMARK [2][-]{subsection.3.6}{Alleinstellungsmerkmal und Kundennutzen}{section.3}
\BOOKMARK [1][-]{section.4}{Marketingstrategien}{}
\BOOKMARK [2][-]{subsection.4.1}{Dienstleistungsformen}{section.4}
\BOOKMARK [2][-]{subsection.4.2}{Nutzungsverfahren der Dienstleistung}{section.4}
\BOOKMARK [2][-]{subsection.4.3}{Monetarisierung}{section.4}
\BOOKMARK [2][-]{subsection.4.4}{Vertriebskanake und Kommunikation}{section.4}
\BOOKMARK [2][-]{subsection.4.5}{Markteintrittplan}{section.4}
\BOOKMARK [1][-]{section.5}{Unternehmensplanung}{}
\BOOKMARK [1][-]{section.6}{Chancen und Risiken}{}
\BOOKMARK [2][-]{subsection.6.1}{St\344rken}{section.6}
\BOOKMARK [2][-]{subsection.6.2}{Schw\344chen}{section.6}
\BOOKMARK [2][-]{subsection.6.3}{Chancen}{section.6}
\BOOKMARK [2][-]{subsection.6.4}{Risiken}{section.6}
\BOOKMARK [1][-]{section.7}{Finanzplanung}{}
\BOOKMARK [2][-]{subsection.7.1}{Best-average-worst-Betrachtung}{section.7}
\BOOKMARK [2][-]{subsection.7.2}{Detaillierte Finanzplanung}{section.7}
